<?xml version="1.0" encoding="UTF-8"?>
<testsuite name="com.lumie.tenant.adapter.in.web.TenantControllerTest" tests="5" skipped="0" failures="0" errors="0" timestamp="2026-01-29T16:30:22" hostname="Mac.local" time="0.807">
  <properties/>
  <testcase name="GET /api/v1/tenants/{slug} - 존재하지 않는 테넌트" classname="com.lumie.tenant.adapter.in.web.TenantControllerTest" time="0.71"/>
  <testcase name="POST /api/v1/tenants - 테넌트 생성 성공" classname="com.lumie.tenant.adapter.in.web.TenantControllerTest" time="0.062"/>
  <testcase name="POST /api/v1/tenants - 잘못된 slug 형식" classname="com.lumie.tenant.adapter.in.web.TenantControllerTest" time="0.02"/>
  <testcase name="GET /api/v1/tenants/{slug} - 테넌트 조회 성공" classname="com.lumie.tenant.adapter.in.web.TenantControllerTest" time="0.007"/>
  <testcase name="DELETE /api/v1/tenants/{slug} - 테넌트 삭제 성공" classname="com.lumie.tenant.adapter.in.web.TenantControllerTest" time="0.007"/>
  <system-out><![CDATA[01:30:23.198 [Test worker] INFO org.hibernate.validator.internal.util.Version -- HV000001: Hibernate Validator 8.0.2.Final
01:30:23.355 [Test worker] INFO org.springframework.mock.web.MockServletContext -- Initializing Spring TestDispatcherServlet ''
01:30:23.355 [Test worker] INFO org.springframework.test.web.servlet.TestDispatcherServlet -- Initializing Servlet ''
01:30:23.356 [Test worker] INFO org.springframework.test.web.servlet.TestDispatcherServlet -- Completed initialization in 1 ms
01:30:23.380 [Test worker] WARN com.lumie.tenant.infrastructure.exception.GlobalExceptionHandler -- Resource not found: Tenant not found with identifier: non-existent
01:30:23.409 [Test worker] INFO org.springframework.mock.web.MockServletContext -- Initializing Spring TestDispatcherServlet ''
01:30:23.409 [Test worker] INFO org.springframework.test.web.servlet.TestDispatcherServlet -- Initializing Servlet ''
01:30:23.409 [Test worker] INFO org.springframework.test.web.servlet.TestDispatcherServlet -- Completed initialization in 0 ms
01:30:23.471 [Test worker] INFO org.springframework.mock.web.MockServletContext -- Initializing Spring TestDispatcherServlet ''
01:30:23.471 [Test worker] INFO org.springframework.test.web.servlet.TestDispatcherServlet -- Initializing Servlet ''
01:30:23.471 [Test worker] INFO org.springframework.test.web.servlet.TestDispatcherServlet -- Completed initialization in 0 ms
01:30:23.483 [Test worker] WARN com.lumie.tenant.infrastructure.exception.GlobalExceptionHandler -- Validation failed: {slug=Slug must start with a letter, contain only lowercase letters, numbers, and hyphens, and be 3-30 characters}
01:30:23.490 [Test worker] INFO org.springframework.mock.web.MockServletContext -- Initializing Spring TestDispatcherServlet ''
01:30:23.490 [Test worker] INFO org.springframework.test.web.servlet.TestDispatcherServlet -- Initializing Servlet ''
01:30:23.490 [Test worker] INFO org.springframework.test.web.servlet.TestDispatcherServlet -- Completed initialization in 0 ms
01:30:23.498 [Test worker] INFO org.springframework.mock.web.MockServletContext -- Initializing Spring TestDispatcherServlet ''
01:30:23.498 [Test worker] INFO org.springframework.test.web.servlet.TestDispatcherServlet -- Initializing Servlet ''
01:30:23.498 [Test worker] INFO org.springframework.test.web.servlet.TestDispatcherServlet -- Completed initialization in 0 ms
]]></system-out>
  <system-err><![CDATA[WARNING: A Java agent has been loaded dynamically (/Users/bluemayne/.gradle/caches/modules-2/files-2.1/net.bytebuddy/byte-buddy-agent/1.14.19/154da3a65b4f4a909d3e5bdec55d1b2b4cbb6ce1/byte-buddy-agent-1.14.19.jar)
WARNING: If a serviceability tool is in use, please run with -XX:+EnableDynamicAgentLoading to hide this warning
WARNING: If a serviceability tool is not in use, please run with -Djdk.instrument.traceUsage for more information
WARNING: Dynamic loading of agents will be disallowed by default in a future release
]]></system-err>
</testsuite>
