<?xml version="1.0" encoding="UTF-8"?>
<testsuite name="com.lumie.tenant.domain.entity.TenantTest" tests="8" skipped="0" failures="0" errors="0" timestamp="2026-01-29T16:30:23" hostname="Mac.local" time="0.002">
  <properties/>
  <testcase name="ACTIVE -&gt; SUSPENDED 상태 전이" classname="com.lumie.tenant.domain.entity.TenantTest" time="0.0"/>
  <testcase name="Tenant 생성 시 PENDING 상태" classname="com.lumie.tenant.domain.entity.TenantTest" time="0.001"/>
  <testcase name="PROVISIONING -&gt; ACTIVE 상태 전이" classname="com.lumie.tenant.domain.entity.TenantTest" time="0.0"/>
  <testcase name="잘못된 상태 전이 시 예외 발생" classname="com.lumie.tenant.domain.entity.TenantTest" time="0.0"/>
  <testcase name="isActive 검증" classname="com.lumie.tenant.domain.entity.TenantTest" time="0.001"/>
  <testcase name="SUSPENDED -&gt; ACTIVE 상태 전이 (재활성화)" classname="com.lumie.tenant.domain.entity.TenantTest" time="0.0"/>
  <testcase name="Tenant 정보 업데이트" classname="com.lumie.tenant.domain.entity.TenantTest" time="0.0"/>
  <testcase name="PENDING -&gt; PROVISIONING 상태 전이" classname="com.lumie.tenant.domain.entity.TenantTest" time="0.0"/>
  <system-out><![CDATA[]]></system-out>
  <system-err><![CDATA[]]></system-err>
</testsuite>
