<?xml version="1.0" encoding="UTF-8"?>
<testsuite name="com.lumie.tenant.domain.vo.TenantSlugTest" tests="17" skipped="0" failures="0" errors="0" timestamp="2026-01-29T16:30:23" hostname="Mac.local" time="0.013">
  <properties/>
  <testcase name="[1] value=admin" classname="com.lumie.tenant.domain.vo.TenantSlugTest" time="0.003"/>
  <testcase name="[2] value=api" classname="com.lumie.tenant.domain.vo.TenantSlugTest" time="0.0"/>
  <testcase name="[3] value=www" classname="com.lumie.tenant.domain.vo.TenantSlugTest" time="0.0"/>
  <testcase name="[4] value=login" classname="com.lumie.tenant.domain.vo.TenantSlugTest" time="0.0"/>
  <testcase name="[5] value=dashboard" classname="com.lumie.tenant.domain.vo.TenantSlugTest" time="0.0"/>
  <testcase name="[1] value=ab" classname="com.lumie.tenant.domain.vo.TenantSlugTest" time="0.0"/>
  <testcase name="[2] value=123abc" classname="com.lumie.tenant.domain.vo.TenantSlugTest" time="0.001"/>
  <testcase name="[3] value=-abc" classname="com.lumie.tenant.domain.vo.TenantSlugTest" time="0.0"/>
  <testcase name="[4] value=ABC" classname="com.lumie.tenant.domain.vo.TenantSlugTest" time="0.0"/>
  <testcase name="[5] value=my_academy" classname="com.lumie.tenant.domain.vo.TenantSlugTest" time="0.0"/>
  <testcase name="[6] value=aaaaaaaaaaaaaaaaaaaaaaaaaaaaaaa" classname="com.lumie.tenant.domain.vo.TenantSlugTest" time="0.0"/>
  <testcase name="slug 대소문자 정규화" classname="com.lumie.tenant.domain.vo.TenantSlugTest" time="0.0"/>
  <testcase name="[1] value=abc" classname="com.lumie.tenant.domain.vo.TenantSlugTest" time="0.0"/>
  <testcase name="[2] value=my-academy" classname="com.lumie.tenant.domain.vo.TenantSlugTest" time="0.0"/>
  <testcase name="[3] value=test123" classname="com.lumie.tenant.domain.vo.TenantSlugTest" time="0.0"/>
  <testcase name="[4] value=a12-345-678" classname="com.lumie.tenant.domain.vo.TenantSlugTest" time="0.001"/>
  <testcase name="유효한 slug 생성" classname="com.lumie.tenant.domain.vo.TenantSlugTest" time="0.001"/>
  <system-out><![CDATA[]]></system-out>
  <system-err><![CDATA[]]></system-err>
</testsuite>
