<?xml version="1.0" encoding="UTF-8"?>
<testsuite name="com.lumie.tenant.application.service.TenantApplicationServiceTest" tests="6" skipped="0" failures="0" errors="0" timestamp="2026-01-29T16:30:23" hostname="Mac.local" time="0.049">
  <properties/>
  <testcase name="존재하지 않는 테넌트 조회 시 예외" classname="com.lumie.tenant.application.service.TenantApplicationServiceTest" time="0.039"/>
  <testcase name="테넌트 유효성 검증 - 활성 상태" classname="com.lumie.tenant.application.service.TenantApplicationServiceTest" time="0.002"/>
  <testcase name="중복 slug로 테넌트 생성 시 예외" classname="com.lumie.tenant.application.service.TenantApplicationServiceTest" time="0.002"/>
  <testcase name="테넌트 생성 성공" classname="com.lumie.tenant.application.service.TenantApplicationServiceTest" time="0.003"/>
  <testcase name="테넌트 정보 업데이트" classname="com.lumie.tenant.application.service.TenantApplicationServiceTest" time="0.001"/>
  <testcase name="테넌트 유효성 검증 - 비활성 상태" classname="com.lumie.tenant.application.service.TenantApplicationServiceTest" time="0.0"/>
  <system-out><![CDATA[01:30:23.543 [Test worker] INFO com.lumie.tenant.application.service.TenantApplicationService -- Creating tenant with slug: test-academy
01:30:23.546 [Test worker] INFO com.lumie.tenant.application.service.TenantApplicationService -- Creating tenant with slug: test-academy
01:30:23.546 [Test worker] INFO com.lumie.tenant.application.service.TenantApplicationService -- Tenant created with ID: null, slug: test-academy
01:30:23.547 [Test worker] INFO com.lumie.tenant.application.service.TenantApplicationService -- Published TenantCreatedEvent for tenant: test-academy
01:30:23.549 [Test worker] INFO com.lumie.tenant.application.service.TenantApplicationService -- Updating tenant with slug: test-academy
01:30:23.550 [Test worker] INFO com.lumie.tenant.application.service.TenantApplicationService -- Tenant updated: test-academy
]]></system-out>
  <system-err><![CDATA[]]></system-err>
</testsuite>
